SF:lib\data\api_client\api_client_impl.dart
DA:7,1
DA:9,0
DA:17,0
DA:26,1
DA:35,2
DA:45,1
DA:55,2
DA:66,1
DA:76,2
DA:87,1
DA:97,2
DA:108,1
DA:116,2
LF:13
LH:11
end_of_record
SF:lib\common\app_language.dart
DA:8,1
DA:9,1
DA:10,3
DA:15,2
DA:16,2
DA:19,0
DA:20,0
LF:7
LH:5
end_of_record
SF:lib\data\data_sources\auth_remote_data_source.dart
DA:5,4
DA:7,1
DA:8,1
DA:10,1
DA:13,2
LF:5
LH:5
end_of_record
SF:lib\data\data_sources\campaign_remote_data_source.dart
DA:4,0
DA:5,0
DA:93,0
DA:94,0
LF:4
LH:0
end_of_record
SF:lib\data\data_sources\user_remote_data_source.dart
DA:4,4
DA:6,1
DA:7,1
LF:3
LH:3
end_of_record
SF:lib\domain\use_cases\get_user_use_case.dart
DA:10,0
DA:15,0
DA:16,0
DA:18,0
DA:21,0
DA:24,0
DA:25,0
DA:26,0
DA:27,0
DA:28,0
LF:10
LH:0
end_of_record
SF:lib\domain\use_cases\login_with_email_use_case.dart
DA:13,0
DA:19,0
DA:20,0
DA:23,0
DA:24,0
DA:26,0
DA:27,0
DA:28,0
DA:30,0
DA:32,0
DA:33,0
LF:11
LH:0
end_of_record
SF:lib\domain\use_cases\splash_use_case.dart
DA:13,1
DA:19,1
DA:20,2
DA:25,3
DA:26,4
DA:29,2
DA:31,2
DA:32,2
DA:33,1
DA:34,2
DA:35,1
LF:11
LH:11
end_of_record
SF:lib\ui\cubits\app_language_cubit.dart
DA:11,2
DA:13,1
DA:14,2
DA:15,1
DA:17,0
DA:18,1
DA:19,2
DA:20,1
DA:23,1
DA:24,1
DA:25,2
DA:26,2
DA:27,1
DA:28,1
LF:14
LH:13
end_of_record
SF:lib\ui\cubits\session\session_cubit.dart
DA:10,2
DA:11,1
DA:14,1
DA:15,1
DA:18,1
DA:22,2
DA:23,1
DA:24,1
DA:28,1
DA:30,1
DA:33,1
DA:34,3
DA:37,1
DA:38,2
DA:40,1
DA:41,3
DA:44,1
DA:45,2
DA:47,4
DA:50,1
DA:51,4
DA:53,3
DA:55,4
DA:56,1
DA:60,1
DA:61,3
DA:62,3
DA:63,3
DA:64,3
DA:67,1
DA:68,2
DA:69,1
DA:73,3
DA:78,1
DA:79,3
DA:80,1
DA:84,3
DA:85,1
DA:86,3
DA:90,1
DA:91,3
DA:92,1
DA:95,5
DA:99,1
DA:100,4
DA:103,1
DA:104,4
DA:105,4
LF:48
LH:48
end_of_record
SF:lib\ui\cubits\theme_mode_cubit.dart
DA:9,2
DA:11,1
DA:12,2
DA:13,1
DA:15,1
DA:16,3
DA:18,1
DA:21,1
DA:22,1
DA:23,2
DA:24,1
DA:25,1
LF:12
LH:12
end_of_record
SF:lib\ui\screens\login\cubit\login_screen_cubit.dart
DA:10,2
DA:12,1
DA:13,2
DA:15,3
DA:17,1
DA:18,2
DA:21,1
DA:22,3
DA:23,2
DA:24,3
LF:10
LH:10
end_of_record
SF:lib\data\models\requests\login_with_email_request.dart
DA:11,2
DA:16,0
DA:17,0
DA:18,0
DA:19,0
DA:22,1
DA:23,1
DA:25,2
LF:8
LH:4
end_of_record
SF:lib\data\models\requests\login_with_email_request.g.dart
DA:9,1
DA:11,2
DA:12,1
DA:13,2
DA:14,2
DA:19,1
DA:21,1
DA:22,2
DA:23,2
LF:9
LH:9
end_of_record
SF:lib\domain\core\result.dart
DA:20,11
DA:22,0
DA:23,0
DA:31,7
DA:33,0
DA:34,0
DA:36,2
DA:40,8
DA:43,0
DA:44,0
DA:52,9
DA:54,0
DA:55,0
DA:58,0
DA:59,0
DA:61,1
DA:65,4
DA:68,0
DA:69,0
DA:78,4
DA:79,2
DA:81,0
DA:84,1
DA:85,1
DA:87,0
LF:25
LH:11
end_of_record
SF:lib\ui\screens\login\cubit\login_screen_state.dart
DA:10,7
DA:15,9
DA:17,2
DA:18,6
DA:20,3
DA:24,3
DA:25,1
DA:30,3
DA:31,3
DA:36,2
DA:37,2
DA:42,2
DA:43,2
LF:13
LH:13
end_of_record
SF:lib\domain\core\app_error.dart
DA:10,8
DA:17,2
DA:18,2
DA:19,2
DA:20,2
DA:21,2
DA:22,2
DA:25,4
DA:26,4
DA:30,4
DA:31,1
DA:34,8
DA:37,1
DA:40,1
DA:42,1
DA:43,1
DA:44,2
DA:46,1
DA:47,1
DA:48,1
DA:54,1
DA:55,1
DA:63,2
DA:65,1
LF:24
LH:24
end_of_record
SF:lib\generated\app_localizations.dart
DA:65,2
DA:66,4
DA:70,2
DA:71,2
DA:356,4
DA:358,2
DA:360,4
DA:363,2
DA:365,6
DA:367,0
DA:371,2
DA:373,2
DA:374,2
DA:375,2
DA:376,0
DA:377,0
DA:380,0
LF:17
LH:13
end_of_record
SF:lib\generated\app_localizations_en.dart
DA:9,4
DA:11,1
DA:15,1
DA:18,1
DA:21,1
DA:24,1
DA:27,1
DA:30,0
DA:33,0
DA:36,0
DA:39,1
DA:42,0
DA:45,1
DA:48,1
DA:51,1
DA:54,1
DA:57,0
DA:60,0
DA:63,0
DA:66,0
DA:69,0
DA:72,0
DA:74,0
DA:77,0
DA:81,0
DA:84,0
DA:87,0
DA:90,0
DA:94,0
DA:97,0
DA:99,0
DA:102,0
DA:105,0
DA:108,0
DA:111,0
DA:114,0
DA:117,0
DA:120,0
DA:123,0
DA:126,0
DA:128,0
DA:131,0
DA:134,0
DA:137,0
DA:140,0
DA:143,0
LF:46
LH:12
end_of_record
SF:lib\generated\app_localizations_th.dart
DA:9,0
DA:11,0
DA:14,0
DA:17,0
DA:20,0
DA:23,0
DA:26,0
DA:29,0
DA:32,0
DA:35,0
DA:38,0
DA:41,0
DA:44,0
DA:47,0
DA:50,0
DA:53,0
DA:56,0
DA:59,0
DA:62,0
DA:65,0
DA:68,0
DA:71,0
DA:73,0
DA:76,0
DA:80,0
DA:83,0
DA:86,0
DA:89,0
DA:93,0
DA:96,0
DA:98,0
DA:101,0
DA:104,0
DA:107,0
DA:110,0
DA:113,0
DA:116,0
DA:119,0
DA:122,0
DA:125,0
DA:127,0
DA:130,0
DA:133,0
DA:136,0
DA:139,0
DA:142,0
LF:46
LH:0
end_of_record
SF:lib\ui\extensions\build_context_extension.dart
DA:9,4
DA:11,0
DA:12,0
DA:14,6
DA:15,0
DA:17,3
DA:19,0
DA:20,0
DA:22,0
DA:23,0
DA:24,0
LF:11
LH:3
end_of_record
SF:lib\ui\styles\app_colors.dart
DA:9,4
DA:16,0
DA:25,0
DA:34,0
DA:41,0
DA:42,0
DA:43,0
DA:44,0
DA:45,0
DA:49,0
DA:51,0
DA:52,0
DA:53,0
DA:54,0
DA:55,0
DA:56,0
LF:16
LH:1
end_of_record
SF:lib\ui\global_widgets\campaign_card.dart
DA:11,1
DA:18,1
DA:20,1
DA:23,2
DA:24,1
DA:25,1
DA:28,1
DA:30,1
DA:31,1
DA:32,2
DA:35,0
DA:37,0
DA:41,1
DA:43,1
DA:45,1
DA:46,1
DA:47,2
DA:48,2
DA:53,1
DA:54,2
DA:55,2
DA:60,1
DA:62,1
DA:63,1
DA:68,1
DA:69,3
DA:72,1
DA:74,1
DA:75,5
DA:76,1
DA:78,3
DA:81,1
DA:82,0
DA:83,1
DA:84,1
DA:85,2
DA:86,2
DA:91,1
DA:92,1
DA:95,1
DA:96,1
DA:97,2
DA:98,2
DA:99,2
LF:44
LH:41
end_of_record
SF:lib\data\models\campaign.dart
DA:14,4
DA:22,1
DA:23,6
DA:25,0
DA:26,0
DA:28,0
LF:6
LH:3
end_of_record
SF:lib\data\models\campaign.g.dart
DA:9,0
DA:10,0
DA:11,0
DA:12,0
DA:13,0
DA:14,0
DA:15,0
DA:16,0
DA:18,0
DA:24,0
DA:25,0
DA:26,0
DA:27,0
DA:28,0
DA:29,0
LF:15
LH:0
end_of_record
SF:lib\ui\styles\app_text_style.dart
DA:6,0
DA:8,4
DA:11,0
DA:12,0
DA:15,0
DA:16,0
DA:19,0
DA:20,0
DA:23,2
DA:24,4
DA:27,1
DA:28,2
DA:31,0
DA:32,0
DA:35,2
DA:36,4
DA:39,2
DA:40,4
DA:43,0
DA:44,0
DA:48,0
DA:50,0
DA:51,0
DA:53,0
DA:54,0
DA:56,0
DA:57,0
DA:59,0
DA:60,0
DA:62,0
DA:63,0
DA:65,0
DA:66,0
DA:68,0
DA:69,0
DA:71,2
DA:72,6
DA:74,0
DA:75,0
DA:77,0
DA:78,0
DA:80,0
DA:81,0
DA:83,0
DA:84,0
DA:86,0
DA:87,0
DA:89,2
DA:90,6
DA:92,2
DA:93,6
DA:95,0
DA:96,0
DA:98,0
DA:99,0
DA:101,0
DA:102,0
LF:57
LH:15
end_of_record
SF:lib\ui\screens\home\home_screen.dart
DA:14,0
DA:16,1
DA:17,1
DA:22,1
DA:24,1
DA:25,3
DA:26,2
DA:29,0
DA:30,0
DA:31,0
DA:32,0
DA:33,0
DA:35,0
DA:36,0
DA:40,1
DA:42,1
DA:43,0
DA:44,1
DA:45,1
DA:46,1
DA:47,1
DA:48,1
DA:54,1
DA:55,1
DA:56,1
DA:57,3
DA:58,3
DA:66,1
DA:67,2
DA:68,1
DA:70,2
DA:73,1
DA:74,1
DA:75,1
DA:76,3
DA:77,3
DA:82,1
DA:83,1
DA:84,2
DA:85,1
DA:86,1
DA:88,1
DA:89,1
DA:90,1
DA:91,1
DA:92,2
DA:94,1
DA:97,0
DA:105,0
DA:108,0
DA:109,0
DA:110,0
DA:111,0
DA:112,0
LF:54
LH:38
end_of_record
SF:lib\ui\cubits\session\session_state.dart
DA:10,5
DA:16,1
DA:17,1
DA:18,1
DA:19,1
DA:20,1
DA:23,1
DA:28,1
DA:29,1
DA:30,1
DA:31,1
DA:35,1
DA:39,0
DA:40,0
LF:14
LH:12
end_of_record
SF:lib\ui\screens\home\cubit\home_screen_cubit.dart
DA:13,1
DA:16,1
DA:18,1
DA:19,3
DA:21,2
DA:24,2
DA:25,1
DA:26,2
DA:28,2
DA:29,3
DA:33,1
DA:34,3
DA:35,1
DA:39,3
DA:41,2
DA:44,1
DA:45,1
DA:46,2
DA:47,3
DA:51,1
DA:52,1
DA:54,1
DA:57,1
DA:58,1
DA:59,1
DA:62,1
DA:63,2
DA:66,2
DA:67,2
DA:68,2
DA:70,3
LF:31
LH:31
end_of_record
SF:lib\ui\screens\home\cubit\home_screen_state.dart
DA:12,2
DA:20,7
DA:26,2
DA:27,2
DA:28,2
DA:29,2
DA:30,2
DA:33,2
DA:38,2
DA:39,1
DA:40,2
DA:41,2
DA:45,1
DA:46,1
DA:51,2
DA:54,2
DA:56,1
DA:60,2
DA:63,2
LF:19
LH:19
end_of_record
SF:lib\ui\utils\app_alert.dart
DA:11,0
DA:13,0
DA:19,0
DA:21,0
DA:22,0
DA:26,0
DA:34,0
DA:35,0
DA:38,0
DA:39,0
DA:41,0
DA:43,0
DA:46,0
DA:48,0
DA:49,0
DA:50,0
DA:51,0
DA:52,0
DA:53,0
DA:55,0
DA:57,0
DA:64,0
DA:73,0
DA:74,0
DA:77,0
DA:78,0
DA:79,0
DA:82,0
DA:83,0
DA:84,0
DA:87,0
DA:88,0
DA:90,0
DA:91,0
DA:92,0
DA:93,0
DA:94,0
DA:95,0
DA:97,0
DA:99,0
DA:103,0
DA:106,0
DA:107,0
DA:108,0
DA:110,0
DA:113,0
DA:116,0
LF:47
LH:0
end_of_record
SF:lib\data\repositories\user_repository_impl.dart
DA:10,5
DA:12,1
DA:15,2
DA:16,1
DA:18,2
LF:5
LH:5
end_of_record
SF:lib\data\models\user.dart
DA:18,6
DA:28,1
DA:29,1
DA:30,1
DA:31,1
DA:32,1
DA:33,1
DA:34,1
DA:35,1
DA:36,1
DA:39,2
DA:41,4
DA:43,1
DA:52,1
DA:53,1
DA:54,1
DA:55,1
DA:56,1
DA:57,1
DA:58,0
DA:59,1
LF:21
LH:20
end_of_record
SF:lib\data\models\user.g.dart
DA:9,3
DA:12,1
DA:13,2
DA:14,2
DA:15,2
DA:16,2
DA:17,1
DA:19,2
DA:25,2
DA:26,2
DA:31,4
DA:32,4
DA:33,4
DA:34,4
DA:35,3
DA:36,5
DA:37,3
DA:38,2
LF:18
LH:18
end_of_record
SF:lib\data\repositories\auth_repository_impl.dart
DA:11,5
DA:13,1
DA:18,2
DA:21,1
DA:23,2
LF:5
LH:5
end_of_record
SF:lib\data\models\auth.dart
DA:12,3
DA:18,0
DA:19,0
DA:20,0
DA:21,0
DA:22,0
DA:25,2
DA:27,2
LF:8
LH:3
end_of_record
SF:lib\data\models\auth.g.dart
DA:9,1
DA:10,2
DA:11,1
DA:12,2
DA:13,2
DA:14,1
DA:16,2
DA:22,2
DA:23,2
DA:24,2
DA:25,3
LF:11
LH:11
end_of_record
SF:lib\app\env.dart
DA:2,0
LF:1
LH:0
end_of_record
SF:lib\app\initializers\api_client_initializer.dart
DA:11,0
DA:15,0
DA:16,0
DA:25,0
DA:26,0
DA:27,0
DA:28,0
DA:30,0
DA:32,0
DA:35,0
DA:36,0
DA:39,0
DA:42,0
DA:48,0
DA:49,0
DA:61,0
DA:64,0
DA:65,0
DA:66,0
DA:75,0
DA:76,0
DA:77,0
DA:79,0
DA:82,0
DA:88,0
DA:89,0
DA:101,0
LF:27
LH:0
end_of_record
SF:lib\common\curl_logger.dart
DA:8,0
DA:10,0
DA:13,0
DA:15,0
DA:23,0
DA:24,0
DA:25,0
DA:26,0
DA:29,0
DA:30,0
DA:31,0
DA:35,0
DA:37,0
DA:38,0
DA:39,0
DA:40,0
DA:43,0
DA:44,0
DA:45,0
DA:48,0
DA:49,0
DA:53,0
DA:55,0
LF:23
LH:0
end_of_record
SF:lib\app\initializers\dependencies_initializer.dart
DA:32,0
DA:34,0
DA:35,0
DA:36,0
DA:37,0
DA:39,0
DA:40,0
DA:42,0
DA:43,0
DA:45,0
DA:46,0
DA:47,0
DA:49,0
DA:50,0
DA:51,0
DA:53,0
DA:54,0
DA:61,0
DA:65,0
DA:66,0
DA:67,0
DA:70,0
DA:71,0
DA:73,0
DA:74,0
DA:77,0
DA:78,0
DA:79,0
DA:83,0
DA:84,0
DA:87,0
DA:88,0
DA:89,0
DA:90,0
DA:96,0
DA:97,0
DA:98,0
DA:99,0
DA:102,0
DA:103,0
DA:104,0
DA:105,0
DA:106,0
LF:43
LH:0
end_of_record
SF:lib\app\initializers\secure_storage_initializer.dart
DA:6,0
DA:13,0
DA:15,0
DA:16,0
DA:19,0
DA:20,0
DA:21,0
DA:22,0
DA:23,0
DA:24,0
LF:10
LH:0
end_of_record
SF:lib\data\data_sources\point_remote_data_source.dart
DA:4,4
DA:6,0
DA:9,0
DA:11,0
DA:13,0
DA:14,0
DA:18,0
DA:19,0
DA:21,0
DA:26,0
DA:28,0
DA:33,0
DA:35,0
DA:40,0
DA:42,0
DA:46,0
DA:47,0
DA:49,0
DA:54,0
LF:19
LH:1
end_of_record
SF:lib\data\data_sources\store_version_remote_data_source.dart
DA:26,0
DA:35,0
DA:36,0
DA:37,0
DA:38,0
DA:39,0
DA:40,0
DA:42,0
DA:43,0
DA:51,0
DA:52,0
DA:57,0
DA:58,0
DA:60,0
DA:62,0
DA:63,0
DA:65,0
DA:68,0
DA:70,0
DA:71,0
DA:74,0
DA:79,0
DA:81,0
DA:85,0
DA:86,0
DA:90,0
DA:91,0
DA:92,0
DA:93,0
DA:97,0
DA:98,0
DA:99,0
DA:100,0
DA:105,0
DA:108,0
DA:110,0
DA:113,0
DA:114,0
DA:115,0
DA:116,0
DA:123,0
DA:125,0
DA:129,0
DA:130,0
DA:135,0
DA:138,0
DA:140,0
DA:141,0
DA:142,0
DA:143,0
LF:50
LH:0
end_of_record
SF:lib\data\repositories\campaign_repository_impl.dart
DA:10,1
DA:12,1
DA:15,2
DA:16,1
DA:18,2
DA:22,1
DA:25,2
DA:26,2
DA:28,2
LF:9
LH:9
end_of_record
SF:lib\data\repositories\point_repository_impl.dart
DA:10,4
DA:12,0
DA:17,0
DA:20,0
DA:22,0
DA:26,0
DA:33,0
DA:35,0
DA:37,0
LF:9
LH:1
end_of_record
SF:lib\data\repositories\store_version_repository_impl.dart
DA:8,0
DA:10,0
DA:12,0
LF:3
LH:0
end_of_record
SF:lib\data\storages\app_storage_impl.dart
DA:10,0
DA:12,0
DA:14,0
DA:17,0
DA:19,0
DA:22,0
DA:24,0
DA:27,0
DA:29,0
DA:32,0
DA:34,0
DA:37,0
DA:39,0
DA:42,0
DA:44,0
DA:47,0
DA:49,0
DA:50,0
DA:53,0
DA:55,0
DA:59,0
DA:61,0
DA:70,0
DA:75,0
DA:79,0
DA:81,0
DA:90,0
DA:92,0
DA:95,0
DA:97,0
DA:100,0
DA:105,0
LF:32
LH:0
end_of_record
SF:lib\data\storages\token_vault_impl.dart
DA:10,0
DA:12,0
DA:14,0
DA:15,0
DA:16,0
DA:17,0
DA:19,0
DA:20,0
DA:21,0
DA:25,0
DA:27,0
DA:31,0
DA:33,0
DA:34,0
DA:36,0
DA:37,0
DA:39,0
DA:43,0
DA:45,0
DA:46,0
DA:51,0
DA:53,0
DA:54,0
DA:55,0
LF:24
LH:0
end_of_record
SF:lib\domain\use_cases\get_point_transaction_usecase.dart
DA:9,0
DA:14,0
DA:15,0
DA:16,0
DA:18,0
DA:19,0
DA:21,0
DA:22,0
DA:26,0
DA:27,0
DA:28,0
DA:29,0
DA:30,0
LF:13
LH:0
end_of_record
SF:lib\data\storages\secure_storage_impl.dart
DA:9,0
DA:11,0
DA:14,0
DA:17,0
DA:26,0
DA:29,0
DA:31,0
DA:40,0
DA:43,0
DA:46,0
DA:55,0
DA:58,0
DA:60,0
DA:69,0
DA:72,0
DA:74,0
DA:83,0
DA:88,0
LF:18
LH:0
end_of_record
SF:lib\app\router\app_routes.dart
DA:2,0
LF:1
LH:0
end_of_record
SF:lib\data\models\point_history.dart
DA:14,2
DA:22,1
DA:23,1
DA:24,1
DA:25,1
DA:26,1
DA:27,1
DA:28,1
DA:31,1
DA:32,1
DA:34,2
LF:11
LH:11
end_of_record
SF:lib\data\models\point_history.g.dart
DA:9,1
DA:10,2
DA:11,1
DA:12,2
DA:13,2
DA:14,2
DA:15,3
DA:16,1
DA:18,2
DA:24,1
DA:25,1
DA:26,2
DA:27,1
DA:28,2
DA:29,2
DA:30,3
LF:16
LH:16
end_of_record
SF:lib\data\models\version_status.dart
DA:8,0
DA:14,0
DA:15,0
DA:16,0
DA:17,0
DA:18,0
DA:22,0
DA:23,0
DA:24,0
DA:29,0
DA:31,0
DA:36,0
LF:12
LH:0
end_of_record
SF:lib\ui\global_widgets\loading_overlay.dart
DA:13,1
DA:21,1
DA:23,3
DA:25,1
DA:26,2
DA:27,1
DA:28,1
DA:29,1
DA:30,2
DA:31,1
DA:33,1
DA:50,4
DA:59,1
DA:61,1
DA:62,1
DA:63,0
DA:64,0
DA:65,0
DA:66,0
DA:67,0
DA:68,0
DA:71,3
LF:22
LH:16
end_of_record
SF:lib\ui\screens\login\login_screen.dart
DA:16,0
DA:18,0
DA:20,0
DA:21,0
DA:28,4
DA:30,1
DA:31,1
DA:39,1
DA:41,1
DA:42,3
DA:45,1
DA:47,2
DA:48,2
DA:49,1
DA:52,0
DA:53,0
DA:54,0
DA:55,0
DA:57,0
DA:58,0
DA:59,0
DA:60,0
DA:64,1
DA:65,3
DA:66,3
DA:67,2
DA:69,2
DA:70,3
DA:71,5
DA:75,2
DA:78,1
DA:79,2
DA:80,2
DA:83,1
DA:86,1
DA:88,1
DA:89,0
DA:90,1
DA:91,1
DA:92,1
DA:93,1
DA:94,1
DA:95,1
DA:96,1
DA:97,1
DA:98,1
DA:99,1
DA:109,1
DA:110,1
DA:112,1
DA:114,1
DA:116,1
DA:118,1
DA:120,1
DA:122,1
DA:128,1
DA:129,1
DA:132,3
DA:136,1
DA:137,1
DA:138,1
DA:139,1
DA:140,3
DA:142,3
DA:145,1
DA:146,3
DA:148,3
DA:154,1
DA:155,1
DA:156,1
DA:157,1
DA:158,1
DA:160,1
DA:161,3
DA:163,2
DA:167,1
DA:168,1
DA:170,1
DA:171,3
DA:173,2
DA:180,1
DA:181,1
DA:183,1
DA:184,1
DA:185,1
DA:186,1
DA:187,1
DA:190,1
DA:191,3
DA:192,3
DA:198,1
DA:199,1
DA:202,1
DA:203,3
DA:204,1
DA:205,1
DA:206,1
DA:208,1
DA:210,2
DA:212,1
LF:100
LH:87
end_of_record
SF:lib\ui\screens\main\cubit\main_screen_cubit.dart
DA:6,2
DA:8,1
DA:9,3
LF:3
LH:3
end_of_record
SF:lib\ui\screens\main\cubit\main_screen_state.dart
DA:7,3
DA:9,2
DA:10,4
DA:12,2
DA:13,2
DA:14,1
LF:6
LH:6
end_of_record
SF:lib\ui\screens\main\main_screen_tab.dart
DA:10,1
DA:12,1
DA:14,1
DA:16,1
DA:18,1
DA:23,1
DA:25,1
DA:27,1
DA:29,1
DA:31,1
LF:10
LH:10
end_of_record
SF:lib\ui\screens\splash\cubit\splash_screen_state.dart
DA:12,2
DA:16,2
DA:17,2
DA:18,2
DA:21,2
DA:24,2
DA:25,1
DA:29,2
DA:30,2
DA:35,2
DA:36,2
LF:11
LH:11
end_of_record
SF:lib\ui\screens\splash\cubit\splash_screen_cubit.dart
DA:11,1
DA:14,1
DA:16,1
DA:17,2
DA:19,1
DA:20,3
DA:22,1
DA:23,3
LF:8
LH:8
end_of_record
